[2024-12-06T22:56:49.165622+01:00] app_logs.INFO: Incidencia añadida {"gdia":"5412","ventanilla":"INC248762"} []
[2024-12-06T22:56:52.609187+01:00] app_logs.INFO: Incidencia eliminada {"id":"7"} []
[2024-12-24T09:02:40.944445+01:00] app_logs.INFO: Empleado insertado {"empleado":"dnxc234","nombre":"Esteban","apellidos":"Marcos"} []
[2024-12-24T09:04:48.718753+01:00] app_logs.INFO: Empleado insertado {"empleado":"dnx362","nombre":"Mara","apellidos":"Rodriguez"} []
[2024-12-24T09:12:41.324615+01:00] app_logs.INFO: Empleado eliminado {"id":null} []
[2024-12-24T09:13:09.730658+01:00] app_logs.INFO: Empleado insertado {"empleado":"dnxa789","nombre":"Mara","apellidos":"Rodriguez"} []
[2024-12-27T23:53:24.867209+01:00] app_logs.INFO: Empleado insertado {"empleado":"dnxa429","nombre":"Sara","apellidos":"Lucas"} []
[2024-12-29T19:15:08.246101+01:00] app_logs.INFO: Empleado actualizado {"id":"12"} []
[2024-12-29T23:54:29.479788+01:00] app_logs.INFO: Incidencia añadida {"gdia":"fd4545weadfd","ventanilla":"dfsf"} []
[2024-12-29T23:55:55.017243+01:00] app_logs.INFO: Incidencia añadida {"gdia":"","ventanilla":"dfsf"} []
[2024-12-29T23:56:01.722521+01:00] app_logs.INFO: Incidencia eliminada {"id":"10"} []
[2024-12-29T23:59:41.779690+01:00] app_logs.INFO: Incidencia añadida {"gdia":"4567","ventanilla":"INC45698"} []
[2024-12-30T00:00:36.689840+01:00] app_logs.INFO: Incidencia eliminada {"id":"9"} []
[2024-12-30T00:00:38.608330+01:00] app_logs.INFO: Incidencia eliminada {"id":"11"} []
[2024-12-30T00:02:13.984727+01:00] app_logs.INFO: Incidencia añadida {"gdia":"5789642","ventanilla":"INC2487"} []
[2024-12-30T10:36:35.789346+01:00] app_logs.INFO: Incidencia actualizada {"id":"12"} []
[2025-01-06T19:44:28.357240+01:00] app_logs.INFO: Incidencia actualizada {"id":"8"} []
[2025-01-06T19:44:36.936698+01:00] app_logs.INFO: Incidencia actualizada {"id":"8"} []
[2025-01-07T00:37:11.195018+01:00] app_logs.INFO: Incidencia actualizada {"id":"12"} []
[2025-01-10T21:07:19.729479+01:00] app_logs.INFO: Incidencia añadida {"gdia":"5412658","ventanilla":"INC4879"} []
[2025-01-10T21:07:26.591421+01:00] app_logs.INFO: Incidencia eliminada {"id":"13"} []
[2025-01-10T21:15:26.224007+01:00] app_logs.INFO: Incidencia añadida {"gdia":"7458962","ventanilla":""} []
[2025-01-10T21:17:41.119421+01:00] app_logs.INFO: Empleado insertado {"empleado":"dnxo412","nombre":"Victor","apellidos":"Gonzalez"} []
[2025-01-10T21:20:08.977659+01:00] app_logs.INFO: Incidencia actualizada {"id":"8"} []
[2025-01-10T21:20:49.565943+01:00] app_logs.INFO: Incidencia añadida {"gdia":"4567899","ventanilla":""} []
[2025-01-10T21:25:36.784201+01:00] app_logs.INFO: Incidencia añadida {"gdia":"5789634","ventanilla":"INC4567"} []
[2025-01-10T21:26:43.688907+01:00] app_logs.INFO: Incidencia añadida {"gdia":"4879785","ventanilla":"INC2365"} []
[2025-01-10T21:28:38.812230+01:00] app_logs.INFO: Incidencia añadida {"gdia":"4567986","ventanilla":"INC4678"} []
[2025-01-12T23:28:34.514909+01:00] app_logs.INFO: Incidencia actualizada {"id":"8"} []
[2025-01-13T00:34:20.939372+01:00] app_logs.INFO: Incidencia actualizada {"id":"23"} []
[2025-01-13T10:28:04.762837+01:00] app_logs.INFO: Incidencia añadida {"gdia":"7894561","ventanilla":"INC4785"} []
[2025-01-13T23:40:04.250584+01:00] app_logs.ERROR: Empleado no encontrado {"empleado":""} []
[2025-01-13T23:40:53.714633+01:00] app_logs.ERROR: Empleado no encontrado {"empleado":""} []
[2025-01-13T23:43:37.594380+01:00] app_logs.INFO: Incidencia añadida {"gdia":"7485692","ventanilla":"INC7485"} []
[2025-01-13T23:54:53.905485+01:00] app_logs.INFO: Incidencia añadida {"gdia":"7458962","ventanilla":"INC7896"} []
[2025-01-14T01:15:41.581385+01:00] app_logs.INFO: Incidencia añadida {"gdia":"7485698","ventanilla":"INC4786"} []
[2025-01-14T01:15:43.132219+01:00] app_logs.INFO: Incidencia añadida {"gdia":"7485698","ventanilla":"INC4786"} []
[2025-01-14T01:16:14.415221+01:00] app_logs.INFO: Incidencia añadida {"gdia":"7485698","ventanilla":"INC4786"} []
[2025-01-14T01:17:37.295469+01:00] app_logs.INFO: Incidencia añadida {"gdia":"1111111","ventanilla":"INC1111"} []
[2025-01-14T01:17:44.994026+01:00] app_logs.INFO: Incidencia añadida {"gdia":"1111111","ventanilla":"INC1111"} []
[2025-01-14T01:19:15.425305+01:00] app_logs.INFO: Incidencia añadida {"gdia":"1111111","ventanilla":"INC1111"} []
[2025-01-14T01:19:56.610472+01:00] app_logs.INFO: Incidencia añadida {"gdia":"2222222","ventanilla":"INC2222"} []
